<?xml version="1.0" encoding="UTF-8"?>
<!-- Generated by org.testng.reporters.JUnitReportReporter -->
<testsuite hostname="DESKTOP-396J4GE" failures="0" tests="4" name="org.selenium.Grouping" time="0.032" errors="0" timestamp="01 Dec 2022 05:28:00 GMT" skipped="0">
  <testcase classname="org.selenium.Grouping" name="Lenovo" time="0.024"/>
  <testcase classname="org.selenium.Grouping" name="Lenovo1" time="0.003"/>
  <testcase classname="org.selenium.Grouping" name="Samsung1" time="0.002"/>
  <testcase classname="org.selenium.Grouping" name="Samsung" time="0.003"/>
</testsuite> <!-- org.selenium.Grouping -->
