<?xml version="1.0" encoding="UTF-8"?>
<!-- Generated by org.testng.reporters.JUnitReportReporter -->
<testsuite hostname="DESKTOP-396J4GE" failures="0" tests="2" name="org.selenium.ParallelExecution" time="137.999" errors="0" timestamp="27 Dec 2022 15:53:42 GMT" skipped="0">
  <testcase classname="org.selenium.ParallelExecution" name="openBing" time="60.378"/>
  <testcase classname="org.selenium.ParallelExecution" name="openGoogle" time="77.621"/>
</testsuite> <!-- org.selenium.ParallelExecution -->
