<?xml version="1.0" encoding="UTF-8"?>
<!-- Generated by org.testng.reporters.JUnitReportReporter -->
<testsuite hostname="DESKTOP-396J4GE" failures="0" tests="4" name="org.selenium.TestngDataprovider" time="75.806" errors="0" timestamp="07 Jan 2023 12:15:23 GMT" skipped="0">
  <testcase classname="org.selenium.TestngDataprovider" name="login" time="15.962"/>
  <testcase classname="org.selenium.TestngDataprovider" name="login" time="12.763"/>
  <testcase classname="org.selenium.TestngDataprovider" name="search" time="11.451"/>
  <testcase classname="org.selenium.TestngDataprovider" name="search" time="35.630"/>
</testsuite> <!-- org.selenium.TestngDataprovider -->
