<?xml version="1.0" encoding="UTF-8"?>
<!-- Generated by org.testng.reporters.JUnitReportReporter -->
<testsuite hostname="DESKTOP-396J4GE" failures="0" tests="1" name="org.selenium.SampleTestNG" time="23.849" errors="0" timestamp="28 Nov 2022 09:05:53 GMT" skipped="0">
  <testcase classname="org.selenium.SampleTestNG" name="productprice" time="23.849"/>
</testsuite> <!-- org.selenium.SampleTestNG -->
