<?xml version="1.0" encoding="UTF-8"?>
<!-- Generated by org.testng.reporters.JUnitReportReporter -->
<testsuite hostname="DESKTOP-396J4GE" failures="0" tests="4" name="org.selenium.Sample4" time="61.855" errors="0" timestamp="30 Nov 2022 13:07:13 GMT" skipped="0">
  <testcase classname="org.selenium.Sample4" name="login" time="11.191"/>
  <testcase classname="org.selenium.Sample4" name="login" time="7.769"/>
  <testcase classname="org.selenium.Sample4" name="login" time="35.881"/>
  <testcase classname="org.selenium.Sample4" name="login" time="7.014"/>
</testsuite> <!-- org.selenium.Sample4 -->
