<?xml version="1.0" encoding="UTF-8"?>
<!-- Generated by org.testng.reporters.JUnitReportReporter -->
<testsuite hostname="DESKTOP-396J4GE" failures="0" tests="4" name="org.selenium.SamplTestng2" time="59.648" errors="0" timestamp="30 Nov 2022 12:49:23 GMT" skipped="0">
  <testcase classname="org.selenium.SamplTestng2" name="login" time="12.110"/>
  <testcase classname="org.selenium.SamplTestng2" name="login" time="11.536"/>
  <testcase classname="org.selenium.SamplTestng2" name="login" time="28.665"/>
  <testcase classname="org.selenium.SamplTestng2" name="login" time="7.337"/>
</testsuite> <!-- org.selenium.SamplTestng2 -->
